<?xml version="1.0" encoding="utf-8"?><testsuites name="pytest tests"><testsuite name="pytest" errors="0" failures="0" skipped="0" tests="15" time="4.717" timestamp="2026-07-29T04:28:11.354938+00:00" hostname="agent-env-378dd348-e8b8-47c8-8964-8ba2e730050b"><testcase classname="tests.test_phase2" name="test_geojson_provinces" time="0.217" /><testcase classname="tests.test_phase2" name="test_map_heatmap" time="0.447" /><testcase classname="tests.test_phase2" name="test_import_template_admin" time="0.144" /><testcase classname="tests.test_phase2" name="test_import_template_staff_forbidden" time="0.433" /><testcase classname="tests.test_phase2" name="test_import_excel_dry_run_ok" time="0.347" /><testcase classname="tests.test_phase2" name="test_import_excel_invalid_province" time="0.109" /><testcase classname="tests.test_phase2" name="test_import_excel_missing_required" time="0.110" /><testcase classname="tests.test_phase2" name="test_import_excel_bad_latlng" time="0.131" /><testcase classname="tests.test_phase2" name="test_import_excel_existing_skipped" time="0.109" /><testcase classname="tests.test_phase2" name="test_import_excel_actual_insert_and_cleanup" time="0.728" /><testcase classname="tests.test_phase2" name="test_import_excel_non_xlsx" time="0.098" /><testcase classname="tests.test_phase2" name="test_import_excel_staff_forbidden" time="0.102" /><testcase classname="tests.test_phase2" name="test_supply_demand_seasons_differ" time="0.328" /><testcase classname="tests.test_phase2" name="test_supply_demand_td_fewer_critical" time="0.240" /><testcase classname="tests.test_phase2" name="test_map_summary_seasons_differ" time="0.282" /></testsuite></testsuites>