<?xml version="1.0" encoding="utf-8"?><testsuites name="pytest tests"><testsuite name="pytest" errors="0" failures="0" skipped="0" tests="18" time="5.165" timestamp="2026-07-29T04:48:12.600799+00:00" hostname="agent-env-378dd348-e8b8-47c8-8964-8ba2e730050b"><testcase classname="tests.test_phase3" name="test_mock_htx_app_machine_updates_public" time="0.226" /><testcase classname="tests.test_phase3" name="test_admin_settings_get" time="0.427" /><testcase classname="tests.test_phase3" name="test_admin_settings_patch_and_persist" time="0.462" /><testcase classname="tests.test_phase3" name="test_admin_settings_staff_forbidden" time="0.467" /><testcase classname="tests.test_phase3" name="test_sync_trigger_success_updates_db" time="0.417" /><testcase classname="tests.test_phase3" name="test_sync_trigger_staff_forbidden" time="0.250" /><testcase classname="tests.test_phase3" name="test_sync_trigger_invalid_url_fails_gracefully" time="0.328" /><testcase classname="tests.test_phase3" name="test_sync_actually_changes_machine_status" time="0.429" /><testcase classname="tests.test_phase3" name="test_machines_import_template_admin" time="0.154" /><testcase classname="tests.test_phase3" name="test_machines_import_template_staff_forbidden" time="0.109" /><testcase classname="tests.test_phase3" name="test_machines_import_dry_run" time="0.112" /><testcase classname="tests.test_phase3" name="test_machines_import_validation_errors" time="0.103" /><testcase classname="tests.test_phase3" name="test_machines_import_duplicate_skipped" time="0.311" /><testcase classname="tests.test_phase3" name="test_machines_import_actual_insert_and_cleanup" time="0.648" /><testcase classname="tests.test_phase3" name="test_export_summary_by_region_province_filter" time="0.107" /><testcase classname="tests.test_phase3" name="test_export_supply_demand_multi_filter" time="0.107" /><testcase classname="tests.test_phase3" name="test_export_htx_shortage_pdf_category_filter" time="0.115" /><testcase classname="tests.test_phase3" name="test_htx_has_commune_field" time="0.096" /></testsuite></testsuites>