<?xml version="1.0" encoding="utf-8"?><testsuites name="pytest tests"><testsuite name="pytest" errors="0" failures="0" skipped="0" tests="31" time="6.802" timestamp="2026-07-29T04:16:45.830462+00:00" hostname="agent-env-378dd348-e8b8-47c8-8964-8ba2e730050b"><testcase classname="tests.backend_test" name="test_health" time="0.218" /><testcase classname="tests.backend_test" name="test_login_admin" time="0.330" /><testcase classname="tests.backend_test" name="test_login_staff" time="0.338" /><testcase classname="tests.backend_test" name="test_login_bad_credentials" time="0.358" /><testcase classname="tests.backend_test" name="test_me_requires_token" time="0.100" /><testcase classname="tests.backend_test" name="test_me_with_token" time="0.426" /><testcase classname="tests.backend_test" name="test_provinces" time="0.143" /><testcase classname="tests.backend_test" name="test_machine_categories" time="0.109" /><testcase classname="tests.backend_test" name="test_htx_list" time="0.110" /><testcase classname="tests.backend_test" name="test_machines_list" time="0.132" /><testcase classname="tests.backend_test" name="test_map_htx_summary" time="0.106" /><testcase classname="tests.backend_test" name="test_htx_detail" time="0.096" /><testcase classname="tests.backend_test" name="test_dashboard_kpi" time="0.152" /><testcase classname="tests.backend_test" name="test_dashboard_charts" time="0.105" /><testcase classname="tests.backend_test" name="test_priority_list" time="0.139" /><testcase classname="tests.backend_test" name="test_supply_demand" time="0.106" /><testcase classname="tests.backend_test" name="test_supply_demand_filter" time="0.108" /><testcase classname="tests.backend_test" name="test_htx_create_update_delete" time="0.503" /><testcase classname="tests.backend_test" name="test_machine_create_duplicate" time="0.306" /><testcase classname="tests.backend_test" name="test_reports_summary" time="0.103" /><testcase classname="tests.backend_test" name="test_reports_export_xlsx" time="0.114" /><testcase classname="tests.backend_test" name="test_reports_export_pdf" time="0.129" /><testcase classname="tests.backend_test" name="test_reports_export_htx_shortage" time="0.128" /><testcase classname="tests.backend_test" name="test_staff_forbidden_admin" time="0.715" /><testcase classname="tests.backend_test" name="test_admin_users_list" time="0.114" /><testcase classname="tests.backend_test" name="test_admin_users_create_update" time="0.417" /><testcase classname="tests.backend_test" name="test_admin_sync_logs" time="0.149" /><testcase classname="tests.backend_test" name="test_admin_sync_trigger" time="0.103" /><testcase classname="tests.backend_test" name="test_admin_system_logs" time="0.106" /><testcase classname="tests.backend_test" name="test_admin_thresholds" time="0.208" /><testcase classname="tests.backend_test" name="test_productivity_norm_upsert" time="0.104" /></testsuite></testsuites>